<?xml version="1.0" encoding="UTF-8"?>
<!-- Generated by org.testng.reporters.JUnitReportReporter -->
<testsuite hostname="DESKTOP-PG52S8E" failures="0" tests="1" name="com.ect.testcases.SearchTestCase" time="14.721" errors="0" timestamp="2024-04-27T20:15:49 IST" skipped="0">
  <testcase classname="com.ect.testcases.SearchTestCase" name="searchProduct" time="14.721"/>
  <system-out/>
</testsuite> <!-- com.ect.testcases.SearchTestCase -->
